2026-01-13 12:52:54,807 | INFO | etl.main | ETL pipeline started
2026-01-13 12:52:54,807 | INFO | etl.extract | Start extract fact_network_kpi
2026-01-13 12:52:54,848 | INFO | etl.extract | Extract fact_network_kpi success | rows=46080
2026-01-13 12:52:54,848 | INFO | etl.main | Extracted raw rows: 46080
2026-01-13 12:52:54,855 | INFO | etl.main | RAW data quality validation PASSED (coverage=100.0%)
2026-01-13 12:52:54,866 | INFO | etl.main | Curated rows after transform: 2688
2026-01-13 12:52:54,867 | INFO | etl.main | CURATED data quality validation PASSED
2026-01-13 12:52:54,882 | INFO | etl.main | Curated dataset successfully published
2026-01-13 12:52:54,882 | INFO | etl.main | ETL pipeline completed successfully
2026-01-13 13:56:02,172 | INFO | etl.main | ETL pipeline started
2026-01-13 13:56:02,172 | INFO | etl.extract | Start extract fact_network_kpi
2026-01-13 13:56:02,214 | INFO | etl.extract | Extract fact_network_kpi success | rows=46080
2026-01-13 13:56:02,214 | INFO | etl.main | Extracted raw rows: 46080
2026-01-13 13:56:02,220 | INFO | etl.main | RAW DQ report saved to D:\Projects\Python\ntww\telecom-network-analytics\data\quality\dq_raw_2026_01.json
2026-01-13 13:56:02,220 | INFO | etl.main | RAW data quality validation PASSED (coverage=100.0%)
2026-01-13 13:56:02,231 | INFO | etl.main | Curated rows after transform: 2688
2026-01-13 13:56:02,233 | INFO | etl.main | CURATED DQ report saved to D:\Projects\Python\ntww\telecom-network-analytics\data\quality\dq_curated_2026_01.json
2026-01-13 13:56:02,233 | INFO | etl.main | CURATED data quality validation PASSED (coverage=100.0%)
2026-01-13 13:56:02,249 | INFO | etl.main | Curated dataset successfully published
2026-01-13 13:56:02,249 | INFO | etl.main | ETL pipeline completed successfully
